d:\city\computer graphics\coursework code\template2024\opengltemplate\x64\debug\vc143.pdb
d:\city\computer graphics\coursework code\template2024\opengltemplate\x64\debug\vc143.idb
d:\city\computer graphics\coursework code\template2024\opengltemplate\x64\debug\vertexbufferobjectindexed.obj
d:\city\computer graphics\coursework code\template2024\opengltemplate\x64\debug\vertexbufferobject.obj
d:\city\computer graphics\coursework code\template2024\opengltemplate\x64\debug\texture.obj
d:\city\computer graphics\coursework code\template2024\opengltemplate\x64\debug\tetrahedron.obj
d:\city\computer graphics\coursework code\template2024\opengltemplate\x64\debug\sphere.obj
d:\city\computer graphics\coursework code\template2024\opengltemplate\x64\debug\skybox.obj
d:\city\computer graphics\coursework code\template2024\opengltemplate\x64\debug\shaders.obj
d:\city\computer graphics\coursework code\template2024\opengltemplate\x64\debug\plane.obj
d:\city\computer graphics\coursework code\template2024\opengltemplate\x64\debug\openassetimportmesh.obj
d:\city\computer graphics\coursework code\template2024\opengltemplate\x64\debug\matrixstack.obj
d:\city\computer graphics\coursework code\template2024\opengltemplate\x64\debug\highresolutiontimer.obj
d:\city\computer graphics\coursework code\template2024\opengltemplate\x64\debug\gamewindow.obj
d:\city\computer graphics\coursework code\template2024\opengltemplate\x64\debug\game.obj
d:\city\computer graphics\coursework code\template2024\opengltemplate\x64\debug\freetypefont.obj
d:\city\computer graphics\coursework code\template2024\opengltemplate\x64\debug\cubemap.obj
d:\city\computer graphics\coursework code\template2024\opengltemplate\x64\debug\cube.obj
d:\city\computer graphics\coursework code\template2024\opengltemplate\x64\debug\catmullrom.obj
d:\city\computer graphics\coursework code\template2024\opengltemplate\x64\debug\camera.obj
d:\city\computer graphics\coursework code\template2024\opengltemplate\x64\debug\audio.obj
d:\city\computer graphics\coursework code\template2024\opengltemplate\x64\debug\opengltemplate.ilk
d:\city\computer graphics\coursework code\template2024\x64\debug\opengltemplate.exe
d:\city\computer graphics\coursework code\template2024\x64\debug\opengltemplate.pdb
d:\city\computer graphics\coursework code\template2024\x64\debug\opengltemplate.lib
d:\city\computer graphics\coursework code\template2024\x64\debug\opengltemplate.exp
d:\city\computer graphics\coursework code\template2024\opengltemplate\x64\debug\opengltemplate.tlog\cl.command.1.tlog
d:\city\computer graphics\coursework code\template2024\opengltemplate\x64\debug\opengltemplate.tlog\cl.items.tlog
d:\city\computer graphics\coursework code\template2024\opengltemplate\x64\debug\opengltemplate.tlog\cl.read.1.tlog
d:\city\computer graphics\coursework code\template2024\opengltemplate\x64\debug\opengltemplate.tlog\cl.write.1.tlog
d:\city\computer graphics\coursework code\template2024\opengltemplate\x64\debug\opengltemplate.tlog\link.command.1.tlog
d:\city\computer graphics\coursework code\template2024\opengltemplate\x64\debug\opengltemplate.tlog\link.read.1.tlog
d:\city\computer graphics\coursework code\template2024\opengltemplate\x64\debug\opengltemplate.tlog\link.write.1.tlog
d:\city\computer graphics\coursework code\template2024\opengltemplate\x64\debug\opengltemplate.tlog\link.write.2u.tlog
